<?xml version="1.0" encoding="UTF-8"?>
<!-- Generated by org.testng.reporters.JUnitReportReporter -->
<testsuite hostname="N-5CG6222BRJ" failures="0" tests="3" name="com.autopoc.demopageauto.Testclass1" time="19.564" errors="0" timestamp="07 Feb 2022 18:34:02 GMT" skipped="0">
  <testcase classname="com.autopoc.demopageauto.Testclass1" name="Test1" time="4.120"/>
  <testcase classname="com.autopoc.demopageauto.Testclass1" name="Test2" time="7.349"/>
  <testcase classname="com.autopoc.demopageauto.Testclass1" name="Test3" time="8.095"/>
</testsuite> <!-- com.autopoc.demopageauto.Testclass1 -->
